<?xml version="1.0" encoding="UTF-8"?>
<!-- Generated by org.testng.reporters.JUnitReportReporter -->
<testsuite hostname="LAPTOP-7D8PU3ED" failures="0" tests="1" name="Framework.validateHomeMap" time="3.409" errors="0" timestamp="16 Oct 2020 09:28:10 GMT">
  <testcase classname="Framework.validateHomeMap" name="basePageNavigation" time="3.409"/>
</testsuite> <!-- Framework.validateHomeMap -->
