<?xml version="1.0" encoding="UTF-8"?>
<!-- Generated by org.testng.reporters.JUnitReportReporter -->
<testsuite hostname="LAPTOP-7D8PU3ED" failures="0" tests="1" name="Framework.HomePage" time="4.137" errors="0" timestamp="16 Oct 2020 10:15:34 GMT">
  <testcase classname="Framework.HomePage" name="basePageNavigation" time="4.137"/>
</testsuite> <!-- Framework.HomePage -->
