<?xml version="1.0" encoding="UTF-8"?>
<!-- Generated by org.testng.reporters.JUnitReportReporter -->
<testsuite hostname="LAPTOP-7D8PU3ED" failures="0" tests="1" name="Framework.validateHomeMap" time="2.337" errors="0" timestamp="16 Oct 2020 10:15:34 GMT">
  <testcase classname="Framework.validateHomeMap" name="basePageNavigation" time="2.337"/>
</testsuite> <!-- Framework.validateHomeMap -->
