<?xml version="1.0" encoding="UTF-8"?>
<!-- Generated by org.testng.reporters.JUnitReportReporter -->
<testsuite hostname="LAPTOP-7D8PU3ED" failures="0" tests="1" name="Framework.HomePage" time="5.133" errors="0" timestamp="16 Oct 2020 09:52:07 GMT">
  <testcase classname="Framework.HomePage" name="basePageNavigation" time="5.133"/>
</testsuite> <!-- Framework.HomePage -->
